Using pre-set license
Built from '2021.3/staging' branch; Version is '2021.3.22f1 (b6c551784ba3) revision 11978065'; Using compiler version '192829333'; Build Type 'Release'
OS: 'Windows 10  (10.0.19044) 64bit Professional' Language: 'fr' Physical Memory: 32681 MB
BatchMode: 1, IsHumanControllingUs: 0, StartBugReporterOnCrash: 0, Is64bit: 1, IsPro: 1

COMMAND LINE ARGUMENTS:
D:\programme\Unity\Nouveau dossier\2021.3.22f1\Editor\Unity.exe
-adb2
-batchMode
-noUpm
-name
AssetImportWorker1
-projectPath
E:/logiciel/unity/Nouveau dossier/My project (1)
-logFile
Logs/AssetImportWorker1.log
-srvPort
58339
Successfully changed project path to: E:/logiciel/unity/Nouveau dossier/My project (1)
E:/logiciel/unity/Nouveau dossier/My project (1)
[UnityMemory] Configuration Parameters - Can be set up in boot.config
    "memorysetup-bucket-allocator-granularity=16"
    "memorysetup-bucket-allocator-bucket-count=8"
    "memorysetup-bucket-allocator-block-size=33554432"
    "memorysetup-bucket-allocator-block-count=8"
    "memorysetup-main-allocator-block-size=16777216"
    "memorysetup-thread-allocator-block-size=16777216"
    "memorysetup-gfx-main-allocator-block-size=16777216"
    "memorysetup-gfx-thread-allocator-block-size=16777216"
    "memorysetup-cache-allocator-block-size=4194304"
    "memorysetup-typetree-allocator-block-size=2097152"
    "memorysetup-profiler-bucket-allocator-granularity=16"
    "memorysetup-profiler-bucket-allocator-bucket-count=8"
    "memorysetup-profiler-bucket-allocator-block-size=33554432"
    "memorysetup-profiler-bucket-allocator-block-count=8"
    "memorysetup-profiler-allocator-block-size=16777216"
    "memorysetup-profiler-editor-allocator-block-size=1048576"
    "memorysetup-temp-allocator-size-main=16777216"
    "memorysetup-job-temp-allocator-block-size=2097152"
    "memorysetup-job-temp-allocator-block-size-background=1048576"
    "memorysetup-job-temp-allocator-reduction-small-platforms=262144"
    "memorysetup-temp-allocator-size-background-worker=32768"
    "memorysetup-temp-allocator-size-job-worker=262144"
    "memorysetup-temp-allocator-size-preload-manager=33554432"
    "memorysetup-temp-allocator-size-nav-mesh-worker=65536"
    "memorysetup-temp-allocator-size-audio-worker=65536"
    "memorysetup-temp-allocator-size-cloud-worker=32768"
    "memorysetup-temp-allocator-size-gi-baking-worker=262144"
    "memorysetup-temp-allocator-size-gfx=262144"
Player connection [8720] Host "[IP] 192.168.1.56 [Port] 0 [Flags] 2 [Guid] 2162609300 [EditorId] 2162609300 [Version] 1048832 [Id] WindowsEditor(7,DESKTOP-E7Q3HMO) [Debug] 1 [PackageName] WindowsEditor [ProjectName] Editor" joined multi-casting on [225.0.0.222:54997]...

Player connection [8720] Host "[IP] 192.168.1.56 [Port] 0 [Flags] 2 [Guid] 2162609300 [EditorId] 2162609300 [Version] 1048832 [Id] WindowsEditor(7,DESKTOP-E7Q3HMO) [Debug] 1 [PackageName] WindowsEditor [ProjectName] Editor" joined alternative multi-casting on [225.0.0.222:34997]...

Refreshing native plugins compatible for Editor in 116.62 ms, found 4 plugins.
Preloading 0 native plugins for Editor in 0.00 ms.
Initialize engine version: 2021.3.22f1 (b6c551784ba3)
[Subsystems] Discovering subsystems at path D:/programme/Unity/Nouveau dossier/2021.3.22f1/Editor/Data/Resources/UnitySubsystems
[Subsystems] Discovering subsystems at path E:/logiciel/unity/Nouveau dossier/My project (1)/Assets
GfxDevice: creating device client; threaded=0; jobified=0
Direct3D:
    Version:  Direct3D 11.0 [level 11.1]
    Renderer: NVIDIA GeForce RTX 2080 Ti (ID=0x1e07)
    Vendor:   NVIDIA
    VRAM:     11041 MB
    Driver:   31.0.15.3141
Initialize mono
Mono path[0] = 'D:/programme/Unity/Nouveau dossier/2021.3.22f1/Editor/Data/Managed'
Mono path[1] = 'D:/programme/Unity/Nouveau dossier/2021.3.22f1/Editor/Data/MonoBleedingEdge/lib/mono/unityjit-win32'
Mono config path = 'D:/programme/Unity/Nouveau dossier/2021.3.22f1/Editor/Data/MonoBleedingEdge/etc'
Using monoOptions --debugger-agent=transport=dt_socket,embedding=1,server=y,suspend=n,address=127.0.0.1:56608
Begin MonoManager ReloadAssembly
Registering precompiled unity dll's ...
Register platform support module: D:/programme/Unity/Nouveau dossier/2021.3.22f1/Editor/Data/PlaybackEngines/WebGLSupport/UnityEditor.WebGL.Extensions.dll
Register platform support module: D:/programme/Unity/Nouveau dossier/2021.3.22f1/Editor/Data/PlaybackEngines/WindowsStandaloneSupport/UnityEditor.WindowsStandalone.Extensions.dll
Registered in 0.004831 seconds.
Native extension for WindowsStandalone target not found
Native extension for WebGL target not found
Refreshing native plugins compatible for Editor in 117.17 ms, found 4 plugins.
Preloading 0 native plugins for Editor in 0.00 ms.
Mono: successfully reloaded assembly
- Completed reload, in  0.798 seconds
Domain Reload Profiling:
	ReloadAssembly (799ms)
		BeginReloadAssembly (126ms)
			ExecutionOrderSort (0ms)
			DisableScriptedObjects (0ms)
			BackupInstance (0ms)
			ReleaseScriptingObjects (0ms)
			CreateAndSetChildDomain (1ms)
		EndReloadAssembly (570ms)
			LoadAssemblies (126ms)
			RebuildTransferFunctionScriptingTraits (0ms)
			SetupTypeCache (130ms)
			ReleaseScriptCaches (0ms)
			RebuildScriptCaches (32ms)
			SetupLoadedEditorAssemblies (355ms)
				LogAssemblyErrors (0ms)
				InitializePlatformSupportModulesInManaged (8ms)
				SetLoadedEditorAssemblies (0ms)
				RefreshPlugins (117ms)
				BeforeProcessingInitializeOnLoad (1ms)
				ProcessInitializeOnLoadAttributes (172ms)
				ProcessInitializeOnLoadMethodAttributes (55ms)
				AfterProcessingInitializeOnLoad (0ms)
				EditorAssembliesLoaded (0ms)
			ExecutionOrderSort2 (0ms)
			AwakeInstancesAfterBackupRestoration (0ms)
Platform modules already initialized, skipping
Registering precompiled user dll's ...
Registered in 0.008351 seconds.
Begin MonoManager ReloadAssembly
Symbol file LoadedFromMemory doesn't match image E:\logiciel\unity\Nouveau dossier\My project (1)\Library\PackageCache\com.unity.visualscripting@1.8.0\Editor\VisualScripting.Core\Dependencies\YamlDotNet\Unity.VisualScripting.YamlDotNet.dll
Symbol file LoadedFromMemory doesn't match image E:\logiciel\unity\Nouveau dossier\My project (1)\Library\PackageCache\com.unity.visualscripting@1.8.0\Editor\VisualScripting.Core\Dependencies\DotNetZip\Unity.VisualScripting.IonicZip.dll
Native extension for WindowsStandalone target not found
Native extension for WebGL target not found
Refreshing native plugins compatible for Editor in 115.99 ms, found 4 plugins.
Preloading 0 native plugins for Editor in 0.00 ms.
Mono: successfully reloaded assembly
- Completed reload, in  1.293 seconds
Domain Reload Profiling:
	ReloadAssembly (1294ms)
		BeginReloadAssembly (162ms)
			ExecutionOrderSort (0ms)
			DisableScriptedObjects (8ms)
			BackupInstance (0ms)
			ReleaseScriptingObjects (0ms)
			CreateAndSetChildDomain (22ms)
		EndReloadAssembly (1016ms)
			LoadAssemblies (138ms)
			RebuildTransferFunctionScriptingTraits (0ms)
			SetupTypeCache (266ms)
			ReleaseScriptCaches (1ms)
			RebuildScriptCaches (67ms)
			SetupLoadedEditorAssemblies (527ms)
				LogAssemblyErrors (0ms)
				InitializePlatformSupportModulesInManaged (5ms)
				SetLoadedEditorAssemblies (0ms)
				RefreshPlugins (116ms)
				BeforeProcessingInitializeOnLoad (104ms)
				ProcessInitializeOnLoadAttributes (259ms)
				ProcessInitializeOnLoadMethodAttributes (39ms)
				AfterProcessingInitializeOnLoad (4ms)
				EditorAssembliesLoaded (0ms)
			ExecutionOrderSort2 (0ms)
			AwakeInstancesAfterBackupRestoration (9ms)
Platform modules already initialized, skipping
========================================================================
Worker process is ready to serve import requests
Launched and connected shader compiler UnityShaderCompiler.exe after 0.05 seconds
Refreshing native plugins compatible for Editor in 0.72 ms, found 4 plugins.
Preloading 0 native plugins for Editor in 0.00 ms.
Unloading 3735 Unused Serialized files (Serialized files now loaded: 0)
Unloading 41 unused Assets / (229.3 KB). Loaded Objects now: 4188.
Memory consumption went from 142.8 MB to 142.6 MB.
Total: 3.395900 ms (FindLiveObjects: 0.304200 ms CreateObjectMapping: 0.221300 ms MarkObjects: 2.717100 ms  DeleteObjects: 0.152600 ms)

AssetImportParameters requested are different than current active one (requested -> active):
  custom:video-decoder-ogg-theora: a1e56fd34408186e4bbccfd4996cb3dc -> 
  custom:container-muxer-webm: aa71ff27fc2769a1b78a27578f13a17b -> 
  custom:container-demuxer-webm: 4f35f7cbe854078d1ac9338744f61a02 -> 
  custom:video-encoder-webm-vp8: eb34c28f22e8b96e1ab97ce403110664 -> 
  custom:audio-encoder-webm-vorbis: bf7c407c2cedff20999df2af8eb42d56 -> 
  custom:framework-win-MediaFoundation: 216162199b28c13a410421893ffa2e32 -> 
  custom:container-demuxer-ogg: 62fdf1f143b41e24485cea50d1cbac27 -> 
  custom:video-decoder-webm-vp8: 9c59270c3fd7afecdb556c50c9e8de78 -> 
  custom:audio-decoder-ogg-vorbis: bf7c407c2cedff20999df2af8eb42d56 -> 
========================================================================
Received Import Request.
  Time since last request: 15550.041188 seconds.
  path: Assets/BlueWizard Animations
  artifactKey: Guid(1c732add625b53b4b9fdd467998383a3) Importer(815301076,1909f56bfc062723c751e8b465ee728b)
Start importing Assets/BlueWizard Animations using Guid(1c732add625b53b4b9fdd467998383a3) Importer(815301076,1909f56bfc062723c751e8b465ee728b)  -> (artifact id: '86165c2b24800a77d4b5a9e935df75bf') in 0.006894 seconds 
========================================================================
Received Import Request.
  Time since last request: 19.628950 seconds.
  path: Assets/BlueWizard Animations/BlueWizard/2BlueWizardIdle/Chara - BlueIdle00001.png
  artifactKey: Guid(94f640d14db8fe64da39c0fda24d1d6c) Importer(815301076,1909f56bfc062723c751e8b465ee728b)
Start importing Assets/BlueWizard Animations/BlueWizard/2BlueWizardIdle/Chara - BlueIdle00001.png using Guid(94f640d14db8fe64da39c0fda24d1d6c) Importer(815301076,1909f56bfc062723c751e8b465ee728b)  -> (artifact id: '41d42b2cbd05b4ec3d95f405e6aa0b05') in 0.191064 seconds 
========================================================================
Received Import Request.
  Time since last request: 0.000022 seconds.
  path: Assets/BlueWizard Animations/BlueWizard/2BlueWizardIdle/Chara - BlueIdle00018.png
  artifactKey: Guid(e48a19a4514927b4d92c96c045cac587) Importer(815301076,1909f56bfc062723c751e8b465ee728b)
Start importing Assets/BlueWizard Animations/BlueWizard/2BlueWizardIdle/Chara - BlueIdle00018.png using Guid(e48a19a4514927b4d92c96c045cac587) Importer(815301076,1909f56bfc062723c751e8b465ee728b)  -> (artifact id: '7cc546e58e416d23564ec5bd109dae6d') in 0.025170 seconds 
========================================================================
Received Import Request.
  Time since last request: 0.000027 seconds.
  path: Assets/BlueWizard Animations/BlueWizard/2BlueWizardIdle/Chara - BlueIdle00013.png
  artifactKey: Guid(935b280c3deea8546ac8492afe4c3970) Importer(815301076,1909f56bfc062723c751e8b465ee728b)
Start importing Assets/BlueWizard Animations/BlueWizard/2BlueWizardIdle/Chara - BlueIdle00013.png using Guid(935b280c3deea8546ac8492afe4c3970) Importer(815301076,1909f56bfc062723c751e8b465ee728b)  -> (artifact id: 'c18f2369ba199c37647aa5fc386abcc3') in 0.037192 seconds 
========================================================================
Received Import Request.
  Time since last request: 0.000016 seconds.
  path: Assets/BlueWizard Animations/BlueWizard/2BlueWizardIdle/Chara - BlueIdle00007.png
  artifactKey: Guid(2a39e6ca786529241bc45652744f6343) Importer(815301076,1909f56bfc062723c751e8b465ee728b)
Start importing Assets/BlueWizard Animations/BlueWizard/2BlueWizardIdle/Chara - BlueIdle00007.png using Guid(2a39e6ca786529241bc45652744f6343) Importer(815301076,1909f56bfc062723c751e8b465ee728b)  -> (artifact id: '41c6753bbbed0e6ffef01216cf5ca529') in 0.028906 seconds 
========================================================================
Received Import Request.
  Time since last request: 0.000016 seconds.
  path: Assets/BlueWizard Animations/BlueWizard/2BlueWizardIdle/Chara - BlueIdle00015.png
  artifactKey: Guid(b45a26e4982ed77499ac0e8164b3862d) Importer(815301076,1909f56bfc062723c751e8b465ee728b)
Start importing Assets/BlueWizard Animations/BlueWizard/2BlueWizardIdle/Chara - BlueIdle00015.png using Guid(b45a26e4982ed77499ac0e8164b3862d) Importer(815301076,1909f56bfc062723c751e8b465ee728b)  -> (artifact id: 'acad0252aee4b6492312465fbe1f77d0') in 0.026155 seconds 
========================================================================
Received Import Request.
  Time since last request: 0.000019 seconds.
  path: Assets/BlueWizard Animations/BlueWizard/2BlueWizardIdle/Chara - BlueIdle00008.png
  artifactKey: Guid(4ef4d7a79f9ee62409ee996331788b39) Importer(815301076,1909f56bfc062723c751e8b465ee728b)
Start importing Assets/BlueWizard Animations/BlueWizard/2BlueWizardIdle/Chara - BlueIdle00008.png using Guid(4ef4d7a79f9ee62409ee996331788b39) Importer(815301076,1909f56bfc062723c751e8b465ee728b)  -> (artifact id: '8c38ed64bc4a7e08b724aedeae932984') in 0.024198 seconds 
========================================================================
Received Import Request.
  Time since last request: 0.000019 seconds.
  path: Assets/BlueWizard Animations/BlueWizard/2BlueWizardIdle/Chara - BlueIdle00006.png
  artifactKey: Guid(45092d60e73c2f648a76b77f5323df64) Importer(815301076,1909f56bfc062723c751e8b465ee728b)
Start importing Assets/BlueWizard Animations/BlueWizard/2BlueWizardIdle/Chara - BlueIdle00006.png using Guid(45092d60e73c2f648a76b77f5323df64) Importer(815301076,1909f56bfc062723c751e8b465ee728b)  -> (artifact id: 'e290255d566c1dd2d327450dc1a45f5b') in 0.029910 seconds 
========================================================================
Received Import Request.
  Time since last request: 0.000015 seconds.
  path: Assets/BlueWizard Animations/BlueWizard/2BlueWizardIdle/Chara - BlueIdle00012.png
  artifactKey: Guid(d04040b8a0aaca24a91a66e75ae0b376) Importer(815301076,1909f56bfc062723c751e8b465ee728b)
Start importing Assets/BlueWizard Animations/BlueWizard/2BlueWizardIdle/Chara - BlueIdle00012.png using Guid(d04040b8a0aaca24a91a66e75ae0b376) Importer(815301076,1909f56bfc062723c751e8b465ee728b)  -> (artifact id: 'a8249b7f83cae3d5203033d3f8bba41a') in 0.023568 seconds 
========================================================================
Received Import Request.
  Time since last request: 0.000018 seconds.
  path: Assets/BlueWizard Animations/BlueWizard/2BlueWizardIdle/Chara - BlueIdle00009.png
  artifactKey: Guid(405cb9e6efbc3d540bf2b3771a47a876) Importer(815301076,1909f56bfc062723c751e8b465ee728b)
Start importing Assets/BlueWizard Animations/BlueWizard/2BlueWizardIdle/Chara - BlueIdle00009.png using Guid(405cb9e6efbc3d540bf2b3771a47a876) Importer(815301076,1909f56bfc062723c751e8b465ee728b)  -> (artifact id: '7c4940e34b684a1f14d1dd281b094df4') in 0.034383 seconds 
========================================================================
Received Import Request.
  Time since last request: 0.000018 seconds.
  path: Assets/BlueWizard Animations/BlueWizard/2BlueWizardIdle/Chara - BlueIdle00004.png
  artifactKey: Guid(4dc6eecb0175be644a1ecbd7b7ec8ff2) Importer(815301076,1909f56bfc062723c751e8b465ee728b)
Start importing Assets/BlueWizard Animations/BlueWizard/2BlueWizardIdle/Chara - BlueIdle00004.png using Guid(4dc6eecb0175be644a1ecbd7b7ec8ff2) Importer(815301076,1909f56bfc062723c751e8b465ee728b)  -> (artifact id: 'af77d46f0f368903d42a3c1fd111e036') in 0.025870 seconds 
========================================================================
Received Import Request.
  Time since last request: 14.474269 seconds.
  path: Assets/BlueWizard Animations/BlueWizard/2BlueWizardJump/CharaWizardJump_00002.png
  artifactKey: Guid(b23a3a33b184e014b9c3ad2e4dba0543) Importer(815301076,1909f56bfc062723c751e8b465ee728b)
Start importing Assets/BlueWizard Animations/BlueWizard/2BlueWizardJump/CharaWizardJump_00002.png using Guid(b23a3a33b184e014b9c3ad2e4dba0543) Importer(815301076,1909f56bfc062723c751e8b465ee728b)  -> (artifact id: '45d7203de5ab19988eaa4b4febe02880') in 0.025787 seconds 
========================================================================
Received Import Request.
  Time since last request: 0.000018 seconds.
  path: Assets/BlueWizard Animations/BlueWizard/2BlueWizardJump/CharaWizardJump_00004.png
  artifactKey: Guid(ca7f043ad1caa184baabd20f16a95b8b) Importer(815301076,1909f56bfc062723c751e8b465ee728b)
Start importing Assets/BlueWizard Animations/BlueWizard/2BlueWizardJump/CharaWizardJump_00004.png using Guid(ca7f043ad1caa184baabd20f16a95b8b) Importer(815301076,1909f56bfc062723c751e8b465ee728b)  -> (artifact id: 'd7e8ff34719fef2d6e271b9c1fbb6f59') in 0.031832 seconds 
========================================================================
Received Import Request.
  Time since last request: 0.000020 seconds.
  path: Assets/BlueWizard Animations/BlueWizard/2BlueWizardJump/CharaWizardJump_00006.png
  artifactKey: Guid(8139af20cfb29274d9d98630d77409ca) Importer(815301076,1909f56bfc062723c751e8b465ee728b)
Start importing Assets/BlueWizard Animations/BlueWizard/2BlueWizardJump/CharaWizardJump_00006.png using Guid(8139af20cfb29274d9d98630d77409ca) Importer(815301076,1909f56bfc062723c751e8b465ee728b)  -> (artifact id: 'cf05e1f8ccbde98b36b6136eecc8fae5') in 0.025624 seconds 
========================================================================
Received Import Request.
  Time since last request: 13.692841 seconds.
  path: Assets/BlueWizard Animations/BlueWizard/2BlueWizardWalk/Chara_BlueWalk00002.png
  artifactKey: Guid(91fbd0b9c5c39c94c809d72ea11d91ed) Importer(815301076,1909f56bfc062723c751e8b465ee728b)
Start importing Assets/BlueWizard Animations/BlueWizard/2BlueWizardWalk/Chara_BlueWalk00002.png using Guid(91fbd0b9c5c39c94c809d72ea11d91ed) Importer(815301076,1909f56bfc062723c751e8b465ee728b)  -> (artifact id: '1a13fa1932aab242f8048df147f48652') in 0.033487 seconds 
========================================================================
Received Import Request.
  Time since last request: 0.000022 seconds.
  path: Assets/BlueWizard Animations/BlueWizard/2BlueWizardWalk/Chara_BlueWalk00014.png
  artifactKey: Guid(fa02c28fd4e09e046b003ccc13f0043c) Importer(815301076,1909f56bfc062723c751e8b465ee728b)
Start importing Assets/BlueWizard Animations/BlueWizard/2BlueWizardWalk/Chara_BlueWalk00014.png using Guid(fa02c28fd4e09e046b003ccc13f0043c) Importer(815301076,1909f56bfc062723c751e8b465ee728b)  -> (artifact id: 'c8f71f753a947683d740bb280d0bcd8f') in 0.035197 seconds 
========================================================================
Received Import Request.
  Time since last request: 0.000027 seconds.
  path: Assets/BlueWizard Animations/BlueWizard/2BlueWizardWalk/Chara_BlueWalk00018.png
  artifactKey: Guid(fe7b80d8249564943aa3a471571c886f) Importer(815301076,1909f56bfc062723c751e8b465ee728b)
Start importing Assets/BlueWizard Animations/BlueWizard/2BlueWizardWalk/Chara_BlueWalk00018.png using Guid(fe7b80d8249564943aa3a471571c886f) Importer(815301076,1909f56bfc062723c751e8b465ee728b)  -> (artifact id: '9f214d6131718547fd123c6a8b8d41ec') in 0.033351 seconds 
========================================================================
Received Import Request.
  Time since last request: 0.000024 seconds.
  path: Assets/BlueWizard Animations/BlueWizard/2BlueWizardWalk/Chara_BlueWalk00017.png
  artifactKey: Guid(d4c7cbdf1761958439cf90de5a83355b) Importer(815301076,1909f56bfc062723c751e8b465ee728b)
Start importing Assets/BlueWizard Animations/BlueWizard/2BlueWizardWalk/Chara_BlueWalk00017.png using Guid(d4c7cbdf1761958439cf90de5a83355b) Importer(815301076,1909f56bfc062723c751e8b465ee728b)  -> (artifact id: '82196e0921d20b2c560f54efa687b120') in 0.032906 seconds 
========================================================================
Received Import Request.
  Time since last request: 0.000018 seconds.
  path: Assets/BlueWizard Animations/BlueWizard/2BlueWizardWalk/Chara_BlueWalk00010.png
  artifactKey: Guid(97e4e7f490f43f348996dae828ee8aaa) Importer(815301076,1909f56bfc062723c751e8b465ee728b)
Start importing Assets/BlueWizard Animations/BlueWizard/2BlueWizardWalk/Chara_BlueWalk00010.png using Guid(97e4e7f490f43f348996dae828ee8aaa) Importer(815301076,1909f56bfc062723c751e8b465ee728b)  -> (artifact id: 'b205591718bdd50771f64aa9aee1635c') in 0.026260 seconds 
========================================================================
Received Import Request.
  Time since last request: 11.102869 seconds.
  path: Assets/Mossy Assets/Mossy Tileset/Mossy - FloatingPlatforms.png
  artifactKey: Guid(2153d9b46bcd5c1469e36925e4bcc9cb) Importer(815301076,1909f56bfc062723c751e8b465ee728b)
Start importing Assets/Mossy Assets/Mossy Tileset/Mossy - FloatingPlatforms.png using Guid(2153d9b46bcd5c1469e36925e4bcc9cb) Importer(815301076,1909f56bfc062723c751e8b465ee728b)  -> (artifact id: 'db1eabc055c7018417e25884700b5f4c') in 0.445330 seconds 
Editor requested this worker to shutdown with reason: Scaling down because of idle timeout
AssetImportWorker is now disconnected from the server
Process exiting
Exiting without the bug reporter. Application will terminate with return code 0